<?xml version="1.0" encoding="UTF-8"?>
<testng-results skipped="0" failed="0" total="1" passed="1">
  <reporter-output>
  </reporter-output>
  <suite name="Default suite" duration-ms="6401" started-at="2016-05-03T04:15:43Z" finished-at="2016-05-03T04:15:50Z">
    <groups>
    </groups>
    <test name="Default test" duration-ms="6401" started-at="2016-05-03T04:15:43Z" finished-at="2016-05-03T04:15:50Z">
      <class name="testCases.Untitled2">
        <test-method status="PASS" signature="setUp()[pri:0, instance:testCases.Untitled2@68c4039c]" name="setUp" is-config="true" duration-ms="2795" started-at="2016-05-02T21:15:43Z" finished-at="2016-05-02T21:15:46Z">
          <reporter-output>
          </reporter-output>
        </test-method> <!-- setUp -->
        <test-method status="PASS" signature="testUntitled2()[pri:0, instance:testCases.Untitled2@68c4039c]" name="testUntitled2" duration-ms="3018" started-at="2016-05-02T21:15:46Z" finished-at="2016-05-02T21:15:49Z">
          <reporter-output>
          </reporter-output>
        </test-method> <!-- testUntitled2 -->
        <test-method status="PASS" signature="tearDown()[pri:0, instance:testCases.Untitled2@68c4039c]" name="tearDown" is-config="true" duration-ms="554" started-at="2016-05-02T21:15:49Z" finished-at="2016-05-02T21:15:50Z">
          <reporter-output>
          </reporter-output>
        </test-method> <!-- tearDown -->
      </class> <!-- testCases.Untitled2 -->
    </test> <!-- Default test -->
  </suite> <!-- Default suite -->
</testng-results>
